<?xml version="1.0" encoding="UTF-8"?>
<!-- Generated by org.testng.reporters.JUnitReportReporter -->
<testsuite hostname="DESKTOP-3824BQ8" failures="0" tests="1" name="trailtest.WaterTsting" time="8.280" errors="0" timestamp="2023-02-22T16:26:19 IST" skipped="0">
  <testcase classname="trailtest.WaterTsting" name="login" time="8.280"/>
  <system-out/>
</testsuite> <!-- trailtest.WaterTsting -->
