<?xml version="1.0" encoding="UTF-8"?>
<!-- Generated by org.testng.reporters.JUnitReportReporter -->
<testsuite hostname="DESKTOP-3824BQ8" failures="0" tests="1" name="pageObjectModel.Jquerycalender" time="5.832" errors="0" timestamp="2023-02-22T16:26:19 IST" skipped="0">
  <testcase classname="pageObjectModel.Jquerycalender" name="demotest" time="5.832"/>
  <system-out/>
</testsuite> <!-- pageObjectModel.Jquerycalender -->
