<?xml version="1.0" encoding="UTF-8"?>
<!-- Generated by org.testng.reporters.JUnitReportReporter -->
<testsuite hostname="DESKTOP-3824BQ8" failures="0" tests="1" name="com.appium.mavenproject.AppTest" time="0.015" errors="0" timestamp="2022-07-18T15:02:58 IST" skipped="0">
  <testcase classname="com.appium.mavenproject.AppTest" name="shouldAnswerWithTrue" time="0.015"/>
  <system-out/>
</testsuite> <!-- com.appium.mavenproject.AppTest -->
