<?xml version="1.0" encoding="UTF-8"?>
<!-- Generated by org.testng.reporters.JUnitReportReporter -->
<testsuite hostname="DESKTOP-3824BQ8" failures="0" tests="1" name="com.jenkins.DEMOJenking.CreateSchool" time="7.269" errors="0" timestamp="2023-02-08T18:28:53 IST" skipped="0">
  <testcase classname="com.jenkins.DEMOJenking.CreateSchool" name="login" time="7.269"/>
  <system-out/>
</testsuite> <!-- com.jenkins.DEMOJenking.CreateSchool -->
