<?xml version="1.0" encoding="UTF-8"?>
<!-- Generated by org.testng.reporters.JUnitReportReporter -->
<testsuite hostname="DESKTOP-3824BQ8" failures="0" tests="1" name="familyDashboard.InviteManagementExecution" time="26.272" errors="0" timestamp="2023-01-31T13:10:50 IST" skipped="0">
  <testcase classname="familyDashboard.InviteManagementExecution" name="test1" time="26.272"/>
  <system-out/>
</testsuite> <!-- familyDashboard.InviteManagementExecution -->
