<?xml version="1.0" encoding="UTF-8"?>
<!-- Generated by org.testng.reporters.JUnitReportReporter -->
<testsuite hostname="DESKTOP-3824BQ8" failures="0" tests="1" name="familyDashboard.LoginwithoutSendkeys" time="61.343" errors="0" timestamp="2022-10-17T17:22:58 IST" skipped="0">
  <testcase classname="familyDashboard.LoginwithoutSendkeys" name="FunctionalityOfAddNewOutGoingButton" time="61.343"/>
  <system-out/>
</testsuite> <!-- familyDashboard.LoginwithoutSendkeys -->
