<?xml version="1.0" encoding="UTF-8"?>
<!-- Generated by org.testng.reporters.JUnitReportReporter -->
<testsuite hostname="DESKTOP-3824BQ8" failures="0" tests="8" name="elLogin.LoginValidations" time="91.361" errors="0" timestamp="2022-10-11T12:33:41 IST" skipped="0">
  <testcase classname="elLogin.LoginValidations" name="loginwithOnlyemail" time="11.092"/>
  <system-out/>
  <testcase classname="elLogin.LoginValidations" name="loginwithOnlypassword" time="12.305"/>
  <system-out/>
  <testcase classname="elLogin.LoginValidations" name="loginwithoutcredentials" time="10.965"/>
  <system-out/>
  <testcase classname="elLogin.LoginValidations" name="loginwithvalidcredentials" time="11.784"/>
  <system-out/>
  <testcase classname="elLogin.LoginValidations" name="loginwitInhvalidPassword" time="10.810"/>
  <system-out/>
  <testcase classname="elLogin.LoginValidations" name="loginwithPasswordlessthan8digits" time="11.230"/>
  <system-out/>
  <testcase classname="elLogin.LoginValidations" name="loginwithINvalidEmailandpassword" time="11.667"/>
  <system-out/>
  <testcase classname="elLogin.LoginValidations" name="loginwithInvalidEmail" time="11.508"/>
  <system-out/>
</testsuite> <!-- elLogin.LoginValidations -->
