<?xml version="1.0" encoding="UTF-8"?>
<!-- Generated by org.testng.reporters.JUnitReportReporter -->
<testsuite hostname="DESKTOP-3824BQ8" failures="0" tests="1" name="familyDashboard.ManageAccountPlan" time="32.833" errors="0" timestamp="2022-10-13T18:40:25 IST" skipped="0">
  <testcase classname="familyDashboard.ManageAccountPlan" name="FunctionalityOfCloseIconInCancelAccountPlanPopUp" time="32.833"/>
  <system-out/>
</testsuite> <!-- familyDashboard.ManageAccountPlan -->
