<?xml version="1.0" encoding="UTF-8"?>
<!-- Generated by org.testng.reporters.JUnitReportReporter -->
<testsuite hostname="DESKTOP-3824BQ8" failures="0" tests="1" name="wizard.WizardSingleFamilyCreation" time="52.213" errors="0" timestamp="2022-10-26T14:50:21 IST" skipped="0">
  <testcase classname="wizard.WizardSingleFamilyCreation" name="singlecase3" time="52.213"/>
  <system-out/>
</testsuite> <!-- wizard.WizardSingleFamilyCreation -->
