<?xml version="1.0" encoding="UTF-8"?>
<!-- Generated by org.testng.reporters.JUnitReportReporter -->
<testsuite hostname="DESKTOP-3824BQ8" failures="0" tests="1" name="wizard.CreateSingleFamilyExecution" time="66.098" errors="0" timestamp="2023-01-24T15:17:43 IST" skipped="0">
  <testcase classname="wizard.CreateSingleFamilyExecution" name="TC025" time="66.098"/>
  <system-out/>
</testsuite> <!-- wizard.CreateSingleFamilyExecution -->
