<?xml version="1.0" encoding="UTF-8"?>
<!-- Generated by org.testng.reporters.JUnitReportReporter -->
<testsuite hostname="DESKTOP-3824BQ8" failures="0" tests="6" name="backoffice.Dashboard_TestExecution" time="85.478" errors="0" timestamp="2023-02-07T16:07:54 IST" skipped="0">
  <testcase classname="backoffice.Dashboard_TestExecution" name="VerifytheFooterUIintheDashboard" time="14.883"/>
  <system-out/>
  <testcase classname="backoffice.Dashboard_TestExecution" name="VerifytheUIintheDashboard" time="15.998"/>
  <system-out/>
  <testcase classname="backoffice.Dashboard_TestExecution" name="VerifytheStatsofOugoings" time="12.633"/>
  <system-out/>
  <testcase classname="backoffice.Dashboard_TestExecution" name="VerifytheStatsofVouchersandGiftcards" time="14.290"/>
  <system-out/>
  <testcase classname="backoffice.Dashboard_TestExecution" name="VerifytheStatsofToDos" time="13.745"/>
  <system-out/>
  <testcase classname="backoffice.Dashboard_TestExecution" name="VerifytheStatsofWarranties" time="13.929"/>
  <system-out/>
</testsuite> <!-- backoffice.Dashboard_TestExecution -->
