<?xml version="1.0" encoding="UTF-8"?>
<!-- Generated by org.testng.reporters.JUnitReportReporter -->
<testsuite hostname="DESKTOP-3824BQ8" failures="0" tests="1" name="demotest.Browserlaunch" time="44.660" errors="0" timestamp="2022-11-14T11:27:18 IST" skipped="0">
  <testcase classname="demotest.Browserlaunch" name="setup" time="44.660"/>
  <system-out/>
</testsuite> <!-- demotest.Browserlaunch -->
