<?xml version="1.0" encoding="UTF-8"?>
<!-- Generated by org.testng.reporters.JUnitReportReporter -->
<testsuite hostname="DESKTOP-3824BQ8" failures="0" tests="1" name="com.jenkins.DEMOJenking.CreateSchool" time="9.126" errors="0" timestamp="2023-01-12T16:16:04 IST" skipped="0">
  <testcase classname="com.jenkins.DEMOJenking.CreateSchool" name="login" time="9.126"/>
  <system-out/>
</testsuite> <!-- com.jenkins.DEMOJenking.CreateSchool -->
