<?xml version="1.0" encoding="UTF-8"?>
<!-- Generated by org.testng.reporters.JUnitReportReporter -->
<testsuite hostname="DESKTOP-3824BQ8" failures="0" tests="1" name="tableautomation.Tableautomation1" time="6.435" errors="0" timestamp="2023-02-22T15:29:35 IST" skipped="0">
  <testcase classname="tableautomation.Tableautomation1" name="table" time="6.435"/>
  <system-out/>
</testsuite> <!-- tableautomation.Tableautomation1 -->
