<?xml version="1.0" encoding="UTF-8"?>
<!-- Generated by org.testng.reporters.JUnitReportReporter -->
<testsuite hostname="DESKTOP-3824BQ8" failures="0" tests="1" name="windowHandling.DoubleClick" time="2.187" errors="0" timestamp="2023-02-09T15:32:38 IST" skipped="0">
  <testcase classname="windowHandling.DoubleClick" name="table" time="2.187"/>
  <system-out/>
</testsuite> <!-- windowHandling.DoubleClick -->
