<?xml version="1.0" encoding="UTF-8"?>
<!-- Generated by org.testng.reporters.JUnitReportReporter -->
<testsuite hostname="DESKTOP-3824BQ8" failures="0" tests="1" name="tableautomation.TableAutomatio3" time="6.631" errors="0" timestamp="2023-02-10T16:00:14 IST" skipped="0">
  <testcase classname="tableautomation.TableAutomatio3" name="table" time="6.631"/>
  <system-out/>
</testsuite> <!-- tableautomation.TableAutomatio3 -->
