<?xml version="1.0" encoding="UTF-8"?>
<!-- Generated by org.testng.reporters.JUnitReportReporter -->
<testsuite hostname="DESKTOP-3824BQ8" failures="0" tests="1" name="windowHandling.MultipleWindowsHandling" time="75.979" errors="0" timestamp="2023-02-28T16:01:58 IST" skipped="0">
  <testcase classname="windowHandling.MultipleWindowsHandling" name="setup" time="75.979"/>
  <system-out/>
</testsuite> <!-- windowHandling.MultipleWindowsHandling -->
