<?xml version="1.0" encoding="UTF-8"?>
<!-- Generated by org.testng.reporters.JUnitReportReporter -->
<testsuite hostname="DESKTOP-3824BQ8" failures="0" tests="1" name="tableautomation.DropdownOptionSelect" time="7.417" errors="0" timestamp="2023-02-21T18:39:40 IST" skipped="0">
  <testcase classname="tableautomation.DropdownOptionSelect" name="test" time="7.417"/>
  <system-out/>
</testsuite> <!-- tableautomation.DropdownOptionSelect -->
