<?xml version="1.0" encoding="UTF-8"?>
<!-- Generated by org.testng.reporters.JUnitReportReporter -->
<testsuite hostname="DESKTOP-3824BQ8" failures="0" tests="1" name="windowHandling.MultipleLinksOpen" time="37.599" errors="0" timestamp="2023-02-17T15:44:08 IST" skipped="0">
  <testcase classname="windowHandling.MultipleLinksOpen" name="test" time="37.599"/>
  <system-out/>
</testsuite> <!-- windowHandling.MultipleLinksOpen -->
