<?xml version="1.0" encoding="UTF-8"?>
<!-- Generated by org.testng.reporters.JUnitReportReporter -->
<testsuite hostname="DESKTOP-3824BQ8" failures="0" tests="1" name="datadrivenFrameWork.ReadDataFromPropertyfile" time="0.024" errors="0" timestamp="2023-03-08T16:21:56 IST" skipped="0">
  <testcase classname="datadrivenFrameWork.ReadDataFromPropertyfile" name="test1" time="0.024"/>
  <system-out/>
</testsuite> <!-- datadrivenFrameWork.ReadDataFromPropertyfile -->
