<?xml version="1.0" encoding="UTF-8"?>
<!-- Generated by org.testng.reporters.JUnitReportReporter -->
<testsuite hostname="DESKTOP-3824BQ8" failures="0" tests="1" name="testing.PageRefresh" time="8.594" errors="0" timestamp="2023-02-24T16:33:08 IST" skipped="0">
  <testcase classname="testing.PageRefresh" name="test1" time="8.594"/>
  <system-out/>
</testsuite> <!-- testing.PageRefresh -->
