<?xml version="1.0" encoding="UTF-8"?>
<!-- Generated by org.testng.reporters.JUnitReportReporter -->
<testsuite hostname="DESKTOP-3824BQ8" failures="0" tests="1" name="testing.HandlingFrames1" time="6.633" errors="0" timestamp="2023-02-24T16:52:26 IST" skipped="0">
  <testcase classname="testing.HandlingFrames1" name="test1" time="6.633"/>
  <system-out/>
</testsuite> <!-- testing.HandlingFrames1 -->
