<?xml version="1.0" encoding="UTF-8"?>
<!-- Generated by org.testng.reporters.JUnitReportReporter -->
<testsuite hostname="DESKTOP-3824BQ8" failures="0" tests="1" name="eLBOTesting.PrintCategoryandSubCategory" time="18.247" errors="0" timestamp="2023-03-08T15:52:01 IST" skipped="0">
  <testcase classname="eLBOTesting.PrintCategoryandSubCategory" name="launchbrowser" time="18.247"/>
  <system-out/>
</testsuite> <!-- eLBOTesting.PrintCategoryandSubCategory -->
