<?xml version="1.0" encoding="UTF-8"?>
<!-- Generated by org.testng.reporters.JUnitReportReporter -->
<testsuite hostname="DESKTOP-3824BQ8" failures="0" tests="1" name="testing.VigeoDash" time="30.048" errors="0" timestamp="2023-02-14T18:40:47 IST" skipped="0">
  <testcase classname="testing.VigeoDash" name="test1" time="30.048"/>
  <system-out/>
</testsuite> <!-- testing.VigeoDash -->
