<?xml version="1.0" encoding="UTF-8"?>
<!-- Generated by org.testng.reporters.JUnitReportReporter -->
<testsuite hostname="DESKTOP-3824BQ8" failures="0" tests="1" name="tableautomation.TableAutomation2" time="4.302" errors="0" timestamp="2023-02-22T15:22:19 IST" skipped="0">
  <testcase classname="tableautomation.TableAutomation2" name="table" time="4.302"/>
  <system-out/>
</testsuite> <!-- tableautomation.TableAutomation2 -->
