<?xml version="1.0" encoding="UTF-8"?>
<!-- Generated by org.testng.reporters.JUnitReportReporter -->
<testsuite hostname="DESKTOP-3824BQ8" failures="0" tests="1" name="testing.BrowserNotifications" time="11.548" errors="0" timestamp="2023-03-03T12:55:32 IST" skipped="0">
  <testcase classname="testing.BrowserNotifications" name="notifications" time="11.548"/>
  <system-out/>
</testsuite> <!-- testing.BrowserNotifications -->
