<?xml version="1.0" encoding="UTF-8"?>
<!-- Generated by org.testng.reporters.JUnitReportReporter -->
<testsuite hostname="DESKTOP-3824BQ8" failures="0" tests="1" name="tableautomation.HtmltoCsv" time="6.870" errors="0" timestamp="2023-02-09T13:07:20 IST" skipped="0">
  <testcase classname="tableautomation.HtmltoCsv" name="test" time="6.870"/>
  <system-out/>
</testsuite> <!-- tableautomation.HtmltoCsv -->
