<?xml version="1.0" encoding="UTF-8"?>
<!-- Generated by org.testng.reporters.JUnitReportReporter -->
<testsuite hostname="DESKTOP-3824BQ8" failures="0" tests="1" name="tableautomation.IdentifyDuplicatesintheColumn" time="44.170" errors="0" timestamp="2023-02-15T16:31:21 IST" skipped="0">
  <testcase classname="tableautomation.IdentifyDuplicatesintheColumn" name="test1" time="44.170"/>
  <system-out/>
</testsuite> <!-- tableautomation.IdentifyDuplicatesintheColumn -->
