<?xml version="1.0" encoding="UTF-8"?>
<!-- Generated by org.testng.reporters.JUnitReportReporter -->
<testsuite hostname="DESKTOP-3824BQ8" failures="0" tests="1" name="windowHandling.Screenshot" time="16.381" errors="0" timestamp="2023-02-09T12:23:11 IST" skipped="0">
  <testcase classname="windowHandling.Screenshot" name="test1" time="16.381"/>
  <system-out/>
</testsuite> <!-- windowHandling.Screenshot -->
