<?xml version="1.0" encoding="UTF-8"?>
<!-- Generated by org.testng.reporters.JUnitReportReporter -->
<testsuite hostname="DESKTOP-3824BQ8" failures="0" tests="1" name="testing.RunDropdownInLoop" time="58.314" errors="0" timestamp="2023-02-09T14:50:29 IST" skipped="0">
  <testcase classname="testing.RunDropdownInLoop" name="table" time="58.314"/>
  <system-out/>
</testsuite> <!-- testing.RunDropdownInLoop -->
