<?xml version="1.0" encoding="UTF-8"?>
<!-- Generated by org.testng.reporters.JUnitReportReporter -->
<testsuite hostname="DESKTOP-3824BQ8" failures="0" tests="1" name="testexecution.TestExecution" time="15.421" errors="0" timestamp="2023-02-14T12:28:04 IST" skipped="0">
  <testcase classname="testexecution.TestExecution" name="test1" time="15.421"/>
  <system-out/>
</testsuite> <!-- testexecution.TestExecution -->
