<?xml version="1.0" encoding="UTF-8"?>
<!-- Generated by org.testng.reporters.JUnitReportReporter -->
<testsuite hostname="DESKTOP-3824BQ8" failures="0" tests="1" name="tableautomation.PrintWholeSelectedColumn" time="5.600" errors="0" timestamp="2023-02-15T16:32:33 IST" skipped="0">
  <testcase classname="tableautomation.PrintWholeSelectedColumn" name="table" time="5.600"/>
  <system-out/>
</testsuite> <!-- tableautomation.PrintWholeSelectedColumn -->
