<?xml version="1.0" encoding="UTF-8"?>
<!-- Generated by org.testng.reporters.JUnitReportReporter -->
<testsuite hostname="DESKTOP-3824BQ8" failures="0" tests="1" name="filehandling.GetTableDataIntoFile" time="17.106" errors="0" timestamp="2023-03-09T12:59:39 IST" skipped="0">
  <testcase classname="filehandling.GetTableDataIntoFile" name="test1" time="17.106"/>
  <system-out/>
</testsuite> <!-- filehandling.GetTableDataIntoFile -->
