<?xml version="1.0" encoding="UTF-8"?>
<!-- Generated by org.testng.reporters.JUnitReportReporter -->
<testsuite hostname="DESKTOP-3824BQ8" failures="0" tests="1" name="scrolling.Scrolltest1" time="16.496" errors="0" timestamp="2023-02-15T14:55:40 IST" skipped="0">
  <testcase classname="scrolling.Scrolltest1" name="browserlaunch" time="16.496"/>
  <system-out/>
</testsuite> <!-- scrolling.Scrolltest1 -->
