<?xml version="1.0" encoding="UTF-8"?>
<!-- Generated by org.testng.reporters.JUnitReportReporter -->
<testsuite hostname="DESKTOP-3824BQ8" failures="0" tests="1" name="tableautomation.StroeTableValuesInVariable" time="7.535" errors="0" timestamp="2023-02-22T15:59:46 IST" skipped="0">
  <testcase classname="tableautomation.StroeTableValuesInVariable" name="table" time="7.535"/>
  <system-out/>
</testsuite> <!-- tableautomation.StroeTableValuesInVariable -->
