<?xml version="1.0" encoding="UTF-8"?>
<!-- Generated by org.testng.reporters.JUnitReportReporter -->
<testsuite hostname="DESKTOP-3824BQ8" failures="0" tests="1" name="sikuliTesting.Test3" time="29.913" errors="0" timestamp="2023-02-10T12:54:57 IST" skipped="0">
  <testcase classname="sikuliTesting.Test3" name="FunctionalityOfAddingNewOutGoing" time="29.913"/>
  <system-out/>
</testsuite> <!-- sikuliTesting.Test3 -->
