<?xml version="1.0" encoding="UTF-8"?>
<!-- Generated by org.testng.reporters.JUnitReportReporter -->
<testsuite hostname="DESKTOP-3824BQ8" failures="0" tests="10" name="testRun.ELSignUpRunwithTestNG" time="227.443" errors="0" timestamp="2023-01-13T12:22:40 IST" skipped="0">
  <testcase classname="testRun.ELSignUpRunwithTestNG" name="runScenario" time="19.989"/>
  <system-out/>
  <testcase classname="testRun.ELSignUpRunwithTestNG" name="runScenario" time="24.790"/>
  <system-out/>
  <testcase classname="testRun.ELSignUpRunwithTestNG" name="runScenario" time="21.157"/>
  <system-out/>
  <testcase classname="testRun.ELSignUpRunwithTestNG" name="runScenario" time="23.816"/>
  <system-out/>
  <testcase classname="testRun.ELSignUpRunwithTestNG" name="runScenario" time="22.769"/>
  <system-out/>
  <testcase classname="testRun.ELSignUpRunwithTestNG" name="runScenario" time="25.552"/>
  <system-out/>
  <testcase classname="testRun.ELSignUpRunwithTestNG" name="runScenario" time="20.602"/>
  <system-out/>
  <testcase classname="testRun.ELSignUpRunwithTestNG" name="runScenario" time="22.202"/>
  <system-out/>
  <testcase classname="testRun.ELSignUpRunwithTestNG" name="runScenario" time="23.060"/>
  <system-out/>
  <testcase classname="testRun.ELSignUpRunwithTestNG" name="runScenario" time="23.506"/>
  <system-out/>
</testsuite> <!-- testRun.ELSignUpRunwithTestNG -->
